<?xml version="1.0" encoding="UTF-8"?>
<testsuite name="com.emilionicoli.ballclock.ApplicationArgumentsTest" tests="13" skipped="0" failures="0" errors="0" timestamp="2018-01-17T11:47:11" hostname="LM-SLC-0010034" time="0.094">
  <properties/>
  <testcase name="badArgument_badPath" classname="com.emilionicoli.ballclock.ApplicationArgumentsTest" time="0.021"/>
  <testcase name="noArguments_happyPath" classname="com.emilionicoli.ballclock.ApplicationArgumentsTest" time="0.003"/>
  <testcase name="missingArgument_badPath" classname="com.emilionicoli.ballclock.ApplicationArgumentsTest" time="0.0"/>
  <testcase name="floatBallsArgument_badPath" classname="com.emilionicoli.ballclock.ApplicationArgumentsTest" time="0.002"/>
  <testcase name="balls45andMinutes333_happyPath" classname="com.emilionicoli.ballclock.ApplicationArgumentsTest" time="0.041"/>
  <testcase name="tooManyBallsArgument_sadPath" classname="com.emilionicoli.ballclock.ApplicationArgumentsTest" time="0.001"/>
  <testcase name="noArguments_sadPath" classname="com.emilionicoli.ballclock.ApplicationArgumentsTest" time="0.001"/>
  <testcase name="floatMinutesArgument_badPath" classname="com.emilionicoli.ballclock.ApplicationArgumentsTest" time="0.001"/>
  <testcase name="minutes_happyPath" classname="com.emilionicoli.ballclock.ApplicationArgumentsTest" time="0.002"/>
  <testcase name="badBallsArgument_badPath" classname="com.emilionicoli.ballclock.ApplicationArgumentsTest" time="0.0"/>
  <testcase name="balls_happyPath" classname="com.emilionicoli.ballclock.ApplicationArgumentsTest" time="0.02"/>
  <testcase name="tooFewBallsArgument_sadPath" classname="com.emilionicoli.ballclock.ApplicationArgumentsTest" time="0.0"/>
  <testcase name="zeroMinutesArgument_sadPath" classname="com.emilionicoli.ballclock.ApplicationArgumentsTest" time="0.0"/>
  <system-out><![CDATA[ERROR: Unable to parse command-line options: org.kohsuke.args4j.CmdLineException: "-x" is not a valid option
Please enter the following args
 -b (-balls, -balls) 27                 : number of balls needs to be between
                                          27 to 127
 -h (-help)                             : display options
 -t (-minutes, -time, -m, -timeToRun) 1 : number of minutes to doBalls needs to
                                          be greater then zero
 -v (-verbose)                          : display message
ERROR: Unable to parse command-line options: org.kohsuke.args4j.CmdLineException: "-x" is not a valid option
ERROR: Unable to parse command-line options: org.kohsuke.args4j.CmdLineException: "33.33" is not a valid value for "-b"
{"Minutes":[22,3,33],"FiveMin":[9,25,5,6,44,12],"Hours":[17,37,23,2,24],"Main":[42,34,18,27,26,15,7,19,41,21,32,38,29,16,40,13,10,30,14,1,35,28,45,31,20,39,11,8,36,4,43]}
ERROR: Unable to parse command-line options: com.emilionicoli.ballclock.Arguments$BadArgument: number of balls needs to be between 27 to 127
ERROR: Unable to parse command-line options: org.kohsuke.args4j.CmdLineException: "1.111" is not a valid value for "-m"
{"Minutes":[],"FiveMin":[22,13,25,3,7],"Hours":[6,12,17,4,15],"Main":[11,5,26,18,2,30,19,8,24,10,29,20,16,21,28,1,23,14,27,9]}
ERROR: Unable to parse command-line options: org.kohsuke.args4j.CmdLineException: "xx" is not a valid value for "-b"
-verbose flag is set
-balls flag is set to 27
27 balls cycle after 23 days.
Completed in 14 milliseconds (0.014 seconds)
ERROR: Unable to parse command-line options: com.emilionicoli.ballclock.Arguments$BadArgument: number of balls needs to be between 27 to 127
ERROR: Unable to parse command-line options: com.emilionicoli.ballclock.Arguments$BadArgument: number of minutes to doBalls needs to be greater then zero
]]></system-out>
  <system-err><![CDATA[No args were passed! 
Please enter the following args
 -b (-balls, -balls) 27                 : number of balls needs to be between
                                          27 to 127
 -h (-help)                             : display options
 -t (-minutes, -time, -m, -timeToRun) 1 : number of minutes to doBalls needs to
                                          be greater then zero
 -v (-verbose)                          : display message
]]></system-err>
</testsuite>
