<?xml version="1.0" encoding="UTF-8"?>
<testsuite name="com.emilionicoli.ballclock.ApplicationSystemOutTest" tests="4" skipped="0" failures="0" errors="0" timestamp="2018-01-17T11:47:11" hostname="LM-SLC-0010034" time="0.008">
  <properties/>
  <testcase name="balls45ballsAnd333minutes_happyPath" classname="com.emilionicoli.ballclock.ApplicationSystemOutTest" time="0.002"/>
  <testcase name="outputTest_30ballsAnd325minutes_happyPath" classname="com.emilionicoli.ballclock.ApplicationSystemOutTest" time="0.001"/>
  <testcase name="changedLastNumberToZero_sadPath" classname="com.emilionicoli.ballclock.ApplicationSystemOutTest" time="0.003"/>
  <testcase name="badInput_badPath" classname="com.emilionicoli.ballclock.ApplicationSystemOutTest" time="0.001"/>
  <system-out><![CDATA[]]></system-out>
  <system-err><![CDATA[]]></system-err>
</testsuite>
